Base path: 'E:/Unity/2019.4.13f1/Editor/Data', plugins path 'E:/Unity/2019.4.13f1/Editor/Data/PlaybackEngines'
Cmd: initializeCompiler
Cmd: preprocess
  insize=27766 outsize=1741 ok=1
Cmd: compileSnippet
  api=4 type=0 insize=9471 outsize=978 kw= pd=UNITY_ENABLE_REFLECTION_BUFFERS UNITY_USE_DITHER_MASK_FOR_ALPHABLENDED_SHADOWS UNITY_PBS_USE_BRDF1 UNITY_SPECCUBE_BOX_PROJECTION UNITY_SPECCUBE_BLENDING UNITY_ENABLE_DETAIL_NORMALMAP SHADER_API_DESKTOP UNITY_COLORSPACE_GAMMA UNITY_LIGHT_PROBE_PROXY_VOLUME UNITY_LIGHTMAP_FULL_HDR ok=1
Cmd: compileSnippet
  api=4 type=1 insize=9471 outsize=522 kw= pd=UNITY_ENABLE_REFLECTION_BUFFERS UNITY_USE_DITHER_MASK_FOR_ALPHABLENDED_SHADOWS UNITY_PBS_USE_BRDF1 UNITY_SPECCUBE_BOX_PROJECTION UNITY_SPECCUBE_BLENDING UNITY_ENABLE_DETAIL_NORMALMAP SHADER_API_DESKTOP UNITY_COLORSPACE_GAMMA UNITY_LIGHT_PROBE_PROXY_VOLUME UNITY_LIGHTMAP_FULL_HDR ok=1
Cmd: preprocess
  insize=811 outsize=209 ok=1
Cmd: preprocess
  insize=28679 outsize=1735 ok=1
Cmd: compileSnippet
  api=4 type=0 insize=9734 outsize=978 kw=USE_SHAPE_LIGHT_TYPE_0 pd=UNITY_ENABLE_REFLECTION_BUFFERS UNITY_USE_DITHER_MASK_FOR_ALPHABLENDED_SHADOWS UNITY_PBS_USE_BRDF1 UNITY_SPECCUBE_BOX_PROJECTION UNITY_SPECCUBE_BLENDING UNITY_ENABLE_DETAIL_NORMALMAP SHADER_API_DESKTOP UNITY_COLORSPACE_GAMMA UNITY_LIGHT_PROBE_PROXY_VOLUME UNITY_LIGHTMAP_FULL_HDR ok=1
Cmd: compileSnippet
  api=4 type=1 insize=9734 outsize=1154 kw=USE_SHAPE_LIGHT_TYPE_0 pd=UNITY_ENABLE_REFLECTION_BUFFERS UNITY_USE_DITHER_MASK_FOR_ALPHABLENDED_SHADOWS UNITY_PBS_USE_BRDF1 UNITY_SPECCUBE_BOX_PROJECTION UNITY_SPECCUBE_BLENDING UNITY_ENABLE_DETAIL_NORMALMAP SHADER_API_DESKTOP UNITY_COLORSPACE_GAMMA UNITY_LIGHT_PROBE_PROXY_VOLUME UNITY_LIGHTMAP_FULL_HDR ok=1
Cmd: preprocess
  insize=811 outsize=209 ok=1
Cmd: preprocess
  insize=811 outsize=209 ok=1
Cmd: preprocess
  insize=3966 outsize=467 ok=1
Cmd: preprocess
  insize=3640 outsize=351 ok=1
Cmd: preprocess
  insize=3724 outsize=406 ok=1
Cmd: compileSnippet
  error: 1 plat 4 at (88): 'TransformObjectToWorld': implicit truncation of vector type\nCompiling Vertex program
Platform defines: UNITY_ENABLE_REFLECTION_BUFFERS UNITY_USE_DITHER_MASK_FOR_ALPHABLENDED_SHADOWS UNITY_PBS_USE_BRDF1 UNITY_SPECCUBE_BOX_PROJECTION UNITY_SPECCUBE_BLENDING UNITY_ENABLE_DETAIL_NORMALMAP SHADER_API_DESKTOP UNITY_COLORSPACE_GAMMA UNITY_LIGHT_PROBE_PROXY_VOLUME UNITY_LIGHTMAP_FULL_HDR
  api=4 type=0 insize=3652 outsize=642 kw= pd=UNITY_ENABLE_REFLECTION_BUFFERS UNITY_USE_DITHER_MASK_FOR_ALPHABLENDED_SHADOWS UNITY_PBS_USE_BRDF1 UNITY_SPECCUBE_BOX_PROJECTION UNITY_SPECCUBE_BLENDING UNITY_ENABLE_DETAIL_NORMALMAP SHADER_API_DESKTOP UNITY_COLORSPACE_GAMMA UNITY_LIGHT_PROBE_PROXY_VOLUME UNITY_LIGHTMAP_FULL_HDR ok=1
Cmd: preprocess
  insize=3700 outsize=393 ok=1
Cmd: preprocess
  insize=3634 outsize=328 ok=1
Cmd: preprocess
  insize=3700 outsize=393 ok=1
Cmd: preprocess
  insize=3881 outsize=466 ok=1
Cmd: compileSnippet
  error: 1 plat 4 at (90): 'TransformObjectToWorld': implicit truncation of vector type\nCompiling Vertex program
Platform defines: UNITY_ENABLE_REFLECTION_BUFFERS UNITY_USE_DITHER_MASK_FOR_ALPHABLENDED_SHADOWS UNITY_PBS_USE_BRDF1 UNITY_SPECCUBE_BOX_PROJECTION UNITY_SPECCUBE_BLENDING UNITY_ENABLE_DETAIL_NORMALMAP SHADER_API_DESKTOP UNITY_COLORSPACE_GAMMA UNITY_LIGHT_PROBE_PROXY_VOLUME UNITY_LIGHTMAP_FULL_HDR
  api=4 type=0 insize=3749 outsize=642 kw= pd=UNITY_ENABLE_REFLECTION_BUFFERS UNITY_USE_DITHER_MASK_FOR_ALPHABLENDED_SHADOWS UNITY_PBS_USE_BRDF1 UNITY_SPECCUBE_BOX_PROJECTION UNITY_SPECCUBE_BLENDING UNITY_ENABLE_DETAIL_NORMALMAP SHADER_API_DESKTOP UNITY_COLORSPACE_GAMMA UNITY_LIGHT_PROBE_PROXY_VOLUME UNITY_LIGHTMAP_FULL_HDR ok=1
Cmd: preprocess
  insize=3841 outsize=456 ok=1
Cmd: preprocess
  insize=811 outsize=209 ok=1
Cmd: preprocess
  insize=811 outsize=209 ok=1
Cmd: preprocess
  insize=3837 outsize=456 ok=1
Cmd: preprocess
  insize=811 outsize=209 ok=1
Cmd: preprocess
  insize=4749 outsize=576 ok=1
Cmd: preprocess
  insize=4411 outsize=458 ok=1
Cmd: preprocess
  insize=811 outsize=209 ok=1
Cmd: preprocess
  insize=811 outsize=209 ok=1
Cmd: preprocess
  insize=811 outsize=209 ok=1
Cmd: preprocess
  insize=811 outsize=209 ok=1
Cmd: preprocess
  insize=811 outsize=209 ok=1
Cmd: preprocess
  insize=811 outsize=209 ok=1
Cmd: preprocess
  insize=29465 outsize=1907 ok=1
Cmd: preprocess
  insize=3841 outsize=456 ok=1
Cmd: preprocess
  insize=3837 outsize=456 ok=1
Cmd: preprocess
  insize=4411 outsize=458 ok=1
Cmd: compileSnippet
  api=4 type=0 insize=9939 outsize=978 kw=USE_SHAPE_LIGHT_TYPE_0 pd=UNITY_ENABLE_REFLECTION_BUFFERS UNITY_USE_DITHER_MASK_FOR_ALPHABLENDED_SHADOWS UNITY_PBS_USE_BRDF1 UNITY_SPECCUBE_BOX_PROJECTION UNITY_SPECCUBE_BLENDING UNITY_ENABLE_DETAIL_NORMALMAP SHADER_API_DESKTOP UNITY_COLORSPACE_GAMMA UNITY_LIGHT_PROBE_PROXY_VOLUME UNITY_LIGHTMAP_FULL_HDR ok=1
Cmd: compileSnippet
  api=4 type=1 insize=9939 outsize=1154 kw=USE_SHAPE_LIGHT_TYPE_0 pd=UNITY_ENABLE_REFLECTION_BUFFERS UNITY_USE_DITHER_MASK_FOR_ALPHABLENDED_SHADOWS UNITY_PBS_USE_BRDF1 UNITY_SPECCUBE_BOX_PROJECTION UNITY_SPECCUBE_BLENDING UNITY_ENABLE_DETAIL_NORMALMAP SHADER_API_DESKTOP UNITY_COLORSPACE_GAMMA UNITY_LIGHT_PROBE_PROXY_VOLUME UNITY_LIGHTMAP_FULL_HDR ok=1
Cmd: preprocess
  insize=4411 outsize=458 ok=1
Cmd: preprocess
  insize=811 outsize=209 ok=1
Cmd: preprocess
  insize=4733 outsize=574 ok=1
Cmd: preprocess
  insize=811 outsize=209 ok=1
Cmd: preprocess
  insize=3828 outsize=455 ok=1
Cmd: preprocess
  insize=31025 outsize=1905 ok=1
Cmd: compileSnippet
  api=4 type=0 insize=9883 outsize=978 kw=USE_SHAPE_LIGHT_TYPE_0 pd=UNITY_ENABLE_REFLECTION_BUFFERS UNITY_USE_DITHER_MASK_FOR_ALPHABLENDED_SHADOWS UNITY_PBS_USE_BRDF1 UNITY_SPECCUBE_BOX_PROJECTION UNITY_SPECCUBE_BLENDING UNITY_ENABLE_DETAIL_NORMALMAP SHADER_API_DESKTOP UNITY_COLORSPACE_GAMMA UNITY_LIGHT_PROBE_PROXY_VOLUME UNITY_LIGHTMAP_FULL_HDR ok=1
Cmd: compileSnippet
  api=4 type=1 insize=9883 outsize=1154 kw=USE_SHAPE_LIGHT_TYPE_0 pd=UNITY_ENABLE_REFLECTION_BUFFERS UNITY_USE_DITHER_MASK_FOR_ALPHABLENDED_SHADOWS UNITY_PBS_USE_BRDF1 UNITY_SPECCUBE_BOX_PROJECTION UNITY_SPECCUBE_BLENDING UNITY_ENABLE_DETAIL_NORMALMAP SHADER_API_DESKTOP UNITY_COLORSPACE_GAMMA UNITY_LIGHT_PROBE_PROXY_VOLUME UNITY_LIGHTMAP_FULL_HDR ok=1
Cmd: preprocess
  insize=32769 outsize=1906 ok=1
Cmd: compileSnippet
  api=4 type=0 insize=10531 outsize=978 kw=USE_SHAPE_LIGHT_TYPE_0 pd=UNITY_ENABLE_REFLECTION_BUFFERS UNITY_USE_DITHER_MASK_FOR_ALPHABLENDED_SHADOWS UNITY_PBS_USE_BRDF1 UNITY_SPECCUBE_BOX_PROJECTION UNITY_SPECCUBE_BLENDING UNITY_ENABLE_DETAIL_NORMALMAP SHADER_API_DESKTOP UNITY_COLORSPACE_GAMMA UNITY_LIGHT_PROBE_PROXY_VOLUME UNITY_LIGHTMAP_FULL_HDR ok=1
Cmd: compileSnippet
  api=4 type=1 insize=10531 outsize=1226 kw=USE_SHAPE_LIGHT_TYPE_0 pd=UNITY_ENABLE_REFLECTION_BUFFERS UNITY_USE_DITHER_MASK_FOR_ALPHABLENDED_SHADOWS UNITY_PBS_USE_BRDF1 UNITY_SPECCUBE_BOX_PROJECTION UNITY_SPECCUBE_BLENDING UNITY_ENABLE_DETAIL_NORMALMAP SHADER_API_DESKTOP UNITY_COLORSPACE_GAMMA UNITY_LIGHT_PROBE_PROXY_VOLUME UNITY_LIGHTMAP_FULL_HDR ok=1
Cmd: preprocess
  insize=31829 outsize=1912 ok=1
Cmd: preprocess
  insize=3828 outsize=455 ok=1
Cmd: preprocess
  insize=32769 outsize=1906 ok=1
Cmd: preprocess
  insize=3828 outsize=455 ok=1
Cmd: preprocess
  insize=32769 outsize=1906 ok=1
Cmd: preprocess
  insize=3922 outsize=455 ok=1
Cmd: preprocess
  insize=32973 outsize=1906 ok=1
Cmd: compileSnippet
  api=4 type=0 insize=10281 outsize=978 kw= pd=UNITY_ENABLE_REFLECTION_BUFFERS UNITY_USE_DITHER_MASK_FOR_ALPHABLENDED_SHADOWS UNITY_PBS_USE_BRDF1 UNITY_SPECCUBE_BOX_PROJECTION UNITY_SPECCUBE_BLENDING UNITY_ENABLE_DETAIL_NORMALMAP SHADER_API_DESKTOP UNITY_COLORSPACE_GAMMA UNITY_LIGHT_PROBE_PROXY_VOLUME UNITY_LIGHTMAP_FULL_HDR ok=1
Cmd: compileSnippet
  api=4 type=1 insize=10281 outsize=626 kw= pd=UNITY_ENABLE_REFLECTION_BUFFERS UNITY_USE_DITHER_MASK_FOR_ALPHABLENDED_SHADOWS UNITY_PBS_USE_BRDF1 UNITY_SPECCUBE_BOX_PROJECTION UNITY_SPECCUBE_BLENDING UNITY_ENABLE_DETAIL_NORMALMAP SHADER_API_DESKTOP UNITY_COLORSPACE_GAMMA UNITY_LIGHT_PROBE_PROXY_VOLUME UNITY_LIGHTMAP_FULL_HDR ok=1
Cmd: preprocess
  insize=32033 outsize=1912 ok=1
Cmd: compileSnippet
  api=4 type=0 insize=10281 outsize=978 kw=USE_SHAPE_LIGHT_TYPE_0 pd=UNITY_ENABLE_REFLECTION_BUFFERS UNITY_USE_DITHER_MASK_FOR_ALPHABLENDED_SHADOWS UNITY_PBS_USE_BRDF1 UNITY_SPECCUBE_BOX_PROJECTION UNITY_SPECCUBE_BLENDING UNITY_ENABLE_DETAIL_NORMALMAP SHADER_API_DESKTOP UNITY_COLORSPACE_GAMMA UNITY_LIGHT_PROBE_PROXY_VOLUME UNITY_LIGHTMAP_FULL_HDR ok=1
Cmd: compileSnippet
  api=4 type=1 insize=10281 outsize=1090 kw=USE_SHAPE_LIGHT_TYPE_0 pd=UNITY_ENABLE_REFLECTION_BUFFERS UNITY_USE_DITHER_MASK_FOR_ALPHABLENDED_SHADOWS UNITY_PBS_USE_BRDF1 UNITY_SPECCUBE_BOX_PROJECTION UNITY_SPECCUBE_BLENDING UNITY_ENABLE_DETAIL_NORMALMAP SHADER_API_DESKTOP UNITY_COLORSPACE_GAMMA UNITY_LIGHT_PROBE_PROXY_VOLUME UNITY_LIGHTMAP_FULL_HDR ok=1
Cmd: compileSnippet
  api=4 type=0 insize=10281 outsize=978 kw=ETC1_EXTERNAL_ALPHA USE_SHAPE_LIGHT_TYPE_0 pd=UNITY_ENABLE_REFLECTION_BUFFERS UNITY_USE_DITHER_MASK_FOR_ALPHABLENDED_SHADOWS UNITY_PBS_USE_BRDF1 UNITY_SPECCUBE_BOX_PROJECTION UNITY_SPECCUBE_BLENDING UNITY_ENABLE_DETAIL_NORMALMAP SHADER_API_DESKTOP UNITY_COLORSPACE_GAMMA UNITY_LIGHT_PROBE_PROXY_VOLUME UNITY_LIGHTMAP_FULL_HDR ok=1
Cmd: preprocess
  insize=811 outsize=209 ok=1
Cmd: preprocess
  insize=811 outsize=209 ok=1
Cmd: preprocess
  insize=811 outsize=209 ok=1
Cmd: preprocess
  insize=811 outsize=209 ok=1
Cmd: preprocess
  insize=811 outsize=209 ok=1
Cmd: preprocess
  insize=3837 outsize=456 ok=1
Cmd: preprocess
  insize=3922 outsize=455 ok=1
Cmd: preprocess
  insize=32973 outsize=1906 ok=1
Cmd: preprocess
  insize=3922 outsize=455 ok=1
Cmd: preprocess
  insize=32973 outsize=1906 ok=1
Cmd: preprocess
  insize=3837 outsize=456 ok=1
Cmd: preprocess
  insize=3924 outsize=456 ok=1
Cmd: preprocess
  insize=32977 outsize=1907 ok=1
Cmd: preprocess
  insize=3839 outsize=456 ok=1
Cmd: compileSnippet
  api=4 type=0 insize=10532 outsize=978 kw=USE_SHAPE_LIGHT_TYPE_0 pd=UNITY_ENABLE_REFLECTION_BUFFERS UNITY_USE_DITHER_MASK_FOR_ALPHABLENDED_SHADOWS UNITY_PBS_USE_BRDF1 UNITY_SPECCUBE_BOX_PROJECTION UNITY_SPECCUBE_BLENDING UNITY_ENABLE_DETAIL_NORMALMAP SHADER_API_DESKTOP UNITY_COLORSPACE_GAMMA UNITY_LIGHT_PROBE_PROXY_VOLUME UNITY_LIGHTMAP_FULL_HDR ok=1
Cmd: compileSnippet
  api=4 type=1 insize=10532 outsize=1226 kw=USE_SHAPE_LIGHT_TYPE_0 pd=UNITY_ENABLE_REFLECTION_BUFFERS UNITY_USE_DITHER_MASK_FOR_ALPHABLENDED_SHADOWS UNITY_PBS_USE_BRDF1 UNITY_SPECCUBE_BOX_PROJECTION UNITY_SPECCUBE_BLENDING UNITY_ENABLE_DETAIL_NORMALMAP SHADER_API_DESKTOP UNITY_COLORSPACE_GAMMA UNITY_LIGHT_PROBE_PROXY_VOLUME UNITY_LIGHTMAP_FULL_HDR ok=1
Cmd: preprocess
  insize=3925 outsize=457 ok=1
Cmd: preprocess
  insize=32978 outsize=1908 ok=1
Cmd: preprocess
  insize=3840 outsize=457 ok=1
Cmd: preprocess
  insize=3924 outsize=456 ok=1
Cmd: preprocess
  insize=32977 outsize=1907 ok=1
Cmd: preprocess
  insize=3839 outsize=456 ok=1
Cmd: preprocess
  insize=32037 outsize=1913 ok=1
Cmd: compileSnippet
  api=4 type=0 insize=10282 outsize=978 kw= pd=UNITY_ENABLE_REFLECTION_BUFFERS UNITY_USE_DITHER_MASK_FOR_ALPHABLENDED_SHADOWS UNITY_PBS_USE_BRDF1 UNITY_SPECCUBE_BOX_PROJECTION UNITY_SPECCUBE_BLENDING UNITY_ENABLE_DETAIL_NORMALMAP SHADER_API_DESKTOP UNITY_COLORSPACE_GAMMA UNITY_LIGHT_PROBE_PROXY_VOLUME UNITY_LIGHTMAP_FULL_HDR ok=1
Cmd: compileSnippet
  api=4 type=1 insize=10282 outsize=626 kw= pd=UNITY_ENABLE_REFLECTION_BUFFERS UNITY_USE_DITHER_MASK_FOR_ALPHABLENDED_SHADOWS UNITY_PBS_USE_BRDF1 UNITY_SPECCUBE_BOX_PROJECTION UNITY_SPECCUBE_BLENDING UNITY_ENABLE_DETAIL_NORMALMAP SHADER_API_DESKTOP UNITY_COLORSPACE_GAMMA UNITY_LIGHT_PROBE_PROXY_VOLUME UNITY_LIGHTMAP_FULL_HDR ok=1
Cmd: preprocess
  insize=811 outsize=209 ok=1
Cmd: preprocess
  insize=811 outsize=209 ok=1
Cmd: preprocess
  insize=811 outsize=209 ok=1
Cmd: preprocess
  insize=811 outsize=209 ok=1
Cmd: preprocess
  insize=811 outsize=209 ok=1
Cmd: preprocess
  insize=3839 outsize=456 ok=1
Cmd: preprocess
  insize=3924 outsize=456 ok=1
Cmd: preprocess
  insize=32977 outsize=1907 ok=1
Cmd: preprocess
  insize=3924 outsize=456 ok=1
Cmd: preprocess
  insize=32977 outsize=1907 ok=1
Cmd: preprocess
  insize=3839 outsize=456 ok=1
Cmd: preprocess
  insize=811 outsize=209 ok=1
Cmd: preprocess
  insize=811 outsize=209 ok=1
Cmd: preprocess
  insize=811 outsize=209 ok=1
Cmd: preprocess
  insize=3475 outsize=448 ok=1
Cmd: preprocess
  insize=4312 outsize=448 ok=1
Cmd: preprocess
  insize=811 outsize=209 ok=1
Cmd: preprocess
  insize=3453 outsize=454 ok=1
Cmd: preprocess
  insize=4283 outsize=454 ok=1
Cmd: preprocess
  insize=3830 outsize=456 ok=1
Cmd: preprocess
  insize=32773 outsize=1907 ok=1
Cmd: preprocess
  insize=4218 outsize=448 ok=1
Cmd: preprocess
  insize=4189 outsize=454 ok=1
Cmd: preprocess
  insize=811 outsize=209 ok=1
Cmd: preprocess
  insize=4169 outsize=573 ok=1
Cmd: preprocess
  insize=811 outsize=209 ok=1
Cmd: preprocess
  insize=5095 outsize=573 ok=1
Cmd: preprocess
  insize=33651 outsize=1908 ok=1
Cmd: preprocess
  insize=4556 outsize=447 ok=1
Cmd: preprocess
  insize=34447 outsize=1907 ok=1
Cmd: preprocess
  insize=33559 outsize=1914 ok=1
Cmd: preprocess
  insize=811 outsize=209 ok=1
Cmd: preprocess
  insize=811 outsize=209 ok=1
Cmd: preprocess
  insize=811 outsize=209 ok=1
Cmd: preprocess
  insize=811 outsize=209 ok=1
Cmd: preprocess
  insize=811 outsize=209 ok=1
Cmd: preprocess
  insize=811 outsize=209 ok=1
Cmd: preprocess
  insize=811 outsize=209 ok=1
Cmd: preprocess
  insize=811 outsize=209 ok=1
Cmd: preprocess
  insize=3839 outsize=456 ok=1
Cmd: preprocess
  insize=3830 outsize=456 ok=1
Cmd: preprocess
  insize=34447 outsize=1907 ok=1
Cmd: preprocess
  insize=4189 outsize=454 ok=1
Cmd: preprocess
  insize=4556 outsize=447 ok=1
Cmd: preprocess
  insize=4556 outsize=447 ok=1
Cmd: preprocess
  insize=34447 outsize=1907 ok=1
Cmd: preprocess
  insize=3830 outsize=456 ok=1
Cmd: preprocess
  insize=4189 outsize=454 ok=1
Cmd: preprocess
  insize=3839 outsize=456 ok=1
Cmd: preprocess
  insize=811 outsize=209 ok=1
Cmd: preprocess
  insize=811 outsize=209 ok=1
Cmd: preprocess
  insize=811 outsize=209 ok=1
Cmd: preprocess
  insize=811 outsize=209 ok=1
Cmd: preprocess
  insize=811 outsize=209 ok=1
Cmd: preprocess
  insize=811 outsize=209 ok=1
Cmd: preprocess
  insize=811 outsize=209 ok=1
Cmd: preprocess
  insize=811 outsize=209 ok=1
Cmd: preprocess
  insize=3839 outsize=456 ok=1
Cmd: preprocess
  insize=3830 outsize=456 ok=1
Cmd: preprocess
  insize=34447 outsize=1907 ok=1
Cmd: preprocess
  insize=4189 outsize=454 ok=1
Cmd: preprocess
  insize=4556 outsize=447 ok=1
Cmd: preprocess
  insize=4556 outsize=447 ok=1
Cmd: preprocess
  insize=34447 outsize=1907 ok=1
Cmd: preprocess
  insize=3830 outsize=456 ok=1
Cmd: preprocess
  insize=4189 outsize=454 ok=1
Cmd: preprocess
  insize=3839 outsize=456 ok=1
Cmd: preprocess
  insize=811 outsize=209 ok=1
Cmd: preprocess
  insize=811 outsize=209 ok=1
Cmd: preprocess
  insize=811 outsize=209 ok=1
Cmd: preprocess
  insize=811 outsize=209 ok=1
Cmd: preprocess
  insize=811 outsize=209 ok=1
Cmd: preprocess
  insize=811 outsize=209 ok=1
Cmd: preprocess
  insize=811 outsize=209 ok=1
Cmd: preprocess
  insize=811 outsize=209 ok=1
Cmd: preprocess
  insize=3839 outsize=456 ok=1
Cmd: preprocess
  insize=3830 outsize=456 ok=1
Cmd: preprocess
  insize=34447 outsize=1907 ok=1
Cmd: preprocess
  insize=4189 outsize=454 ok=1
Cmd: preprocess
  insize=4556 outsize=447 ok=1
Cmd: preprocess
  insize=4556 outsize=447 ok=1
Cmd: preprocess
  insize=34447 outsize=1907 ok=1
Cmd: preprocess
  insize=3830 outsize=456 ok=1
Cmd: preprocess
  insize=4189 outsize=454 ok=1
Cmd: preprocess
  insize=3839 outsize=456 ok=1
Cmd: preprocess
  insize=811 outsize=209 ok=1
Cmd: preprocess
  insize=811 outsize=209 ok=1
Cmd: preprocess
  insize=811 outsize=209 ok=1
Cmd: preprocess
  insize=811 outsize=209 ok=1
Cmd: preprocess
  insize=811 outsize=209 ok=1
Cmd: preprocess
  insize=811 outsize=209 ok=1
Cmd: preprocess
  insize=811 outsize=209 ok=1
Cmd: preprocess
  insize=811 outsize=209 ok=1
Cmd: preprocess
  insize=3839 outsize=456 ok=1
Cmd: preprocess
  insize=3830 outsize=456 ok=1
Cmd: preprocess
  insize=34447 outsize=1907 ok=1
Cmd: preprocess
  insize=4189 outsize=454 ok=1
Cmd: preprocess
  insize=4556 outsize=447 ok=1
Cmd: preprocess
  insize=4556 outsize=447 ok=1
Cmd: preprocess
  insize=34447 outsize=1907 ok=1
Cmd: preprocess
  insize=3830 outsize=456 ok=1
Cmd: preprocess
  insize=4189 outsize=454 ok=1
Cmd: preprocess
  insize=3839 outsize=456 ok=1
Cmd: compileSnippet
  api=4 type=0 insize=10282 outsize=978 kw=ETC1_EXTERNAL_ALPHA USE_SHAPE_LIGHT_TYPE_0 pd=UNITY_ENABLE_REFLECTION_BUFFERS UNITY_USE_DITHER_MASK_FOR_ALPHABLENDED_SHADOWS UNITY_PBS_USE_BRDF1 UNITY_SPECCUBE_BOX_PROJECTION UNITY_SPECCUBE_BLENDING UNITY_ENABLE_DETAIL_NORMALMAP SHADER_API_DESKTOP UNITY_COLORSPACE_GAMMA UNITY_LIGHT_PROBE_PROXY_VOLUME UNITY_LIGHTMAP_FULL_HDR ok=1
Cmd: preprocess
  insize=811 outsize=209 ok=1
Cmd: preprocess
  insize=811 outsize=209 ok=1
Cmd: preprocess
  insize=811 outsize=209 ok=1
Cmd: preprocess
  insize=811 outsize=209 ok=1
Cmd: preprocess
  insize=811 outsize=209 ok=1
Cmd: preprocess
  insize=811 outsize=209 ok=1
Cmd: preprocess
  insize=811 outsize=209 ok=1
Cmd: preprocess
  insize=811 outsize=209 ok=1
Cmd: preprocess
  insize=3839 outsize=456 ok=1
Cmd: preprocess
  insize=3830 outsize=456 ok=1
Cmd: preprocess
  insize=34447 outsize=1907 ok=1
Cmd: preprocess
  insize=4189 outsize=454 ok=1
Cmd: preprocess
  insize=4556 outsize=447 ok=1
Cmd: preprocess
  insize=4556 outsize=447 ok=1
Cmd: preprocess
  insize=34447 outsize=1907 ok=1
Cmd: preprocess
  insize=3830 outsize=456 ok=1
Cmd: preprocess
  insize=4189 outsize=454 ok=1
Cmd: preprocess
  insize=3839 outsize=456 ok=1
Cmd: preprocess
  insize=811 outsize=209 ok=1
Cmd: preprocess
  insize=4169 outsize=573 ok=1
Cmd: preprocess
  insize=3843 outsize=457 ok=1
Cmd: preprocess
  insize=3939 outsize=457 ok=1
Cmd: preprocess
  insize=7490 outsize=1486 ok=1
Cmd: preprocess
  insize=7492 outsize=1488 ok=1
Cmd: preprocess
  insize=7492 outsize=1488 ok=1
Cmd: preprocess
  insize=811 outsize=209 ok=1
Cmd: preprocess
  insize=3512 outsize=456 ok=1
Cmd: preprocess
  insize=4976 outsize=456 ok=1
Cmd: preprocess
  insize=35395 outsize=1908 ok=1
Cmd: preprocess
  insize=811 outsize=209 ok=1
Cmd: preprocess
  insize=811 outsize=209 ok=1
Cmd: preprocess
  insize=811 outsize=209 ok=1
Cmd: preprocess
  insize=811 outsize=209 ok=1
Cmd: preprocess
  insize=811 outsize=209 ok=1
Cmd: preprocess
  insize=811 outsize=209 ok=1
Cmd: preprocess
  insize=811 outsize=209 ok=1
Cmd: preprocess
  insize=811 outsize=209 ok=1
Cmd: preprocess
  insize=811 outsize=209 ok=1
Cmd: preprocess
  insize=3839 outsize=456 ok=1
Cmd: preprocess
  insize=3830 outsize=456 ok=1
Cmd: preprocess
  insize=35395 outsize=1908 ok=1
Cmd: preprocess
  insize=4189 outsize=454 ok=1
Cmd: preprocess
  insize=4556 outsize=447 ok=1
Cmd: preprocess
  insize=4976 outsize=456 ok=1
Cmd: preprocess
  insize=4556 outsize=447 ok=1
Cmd: preprocess
  insize=4976 outsize=456 ok=1
Cmd: preprocess
  insize=35395 outsize=1908 ok=1
Cmd: preprocess
  insize=3830 outsize=456 ok=1
Cmd: preprocess
  insize=4189 outsize=454 ok=1
Cmd: preprocess
  insize=3839 outsize=456 ok=1
Cmd: preprocess
  insize=34327 outsize=1913 ok=1
Cmd: preprocess
  insize=811 outsize=209 ok=1
Cmd: preprocess
  insize=811 outsize=209 ok=1
Cmd: preprocess
  insize=811 outsize=209 ok=1
Cmd: preprocess
  insize=811 outsize=209 ok=1
Cmd: preprocess
  insize=811 outsize=209 ok=1
Cmd: preprocess
  insize=811 outsize=209 ok=1
Cmd: preprocess
  insize=811 outsize=209 ok=1
Cmd: preprocess
  insize=811 outsize=209 ok=1
Cmd: preprocess
  insize=811 outsize=209 ok=1
Cmd: preprocess
  insize=3839 outsize=456 ok=1
Cmd: preprocess
  insize=3830 outsize=456 ok=1
Cmd: preprocess
  insize=35395 outsize=1908 ok=1
Cmd: preprocess
  insize=4189 outsize=454 ok=1
Cmd: preprocess
  insize=4556 outsize=447 ok=1
Cmd: preprocess
  insize=4976 outsize=456 ok=1
Cmd: preprocess
  insize=4556 outsize=447 ok=1
Cmd: preprocess
  insize=4976 outsize=456 ok=1
Cmd: preprocess
  insize=35395 outsize=1908 ok=1
Cmd: preprocess
  insize=3830 outsize=456 ok=1
Cmd: preprocess
  insize=4189 outsize=454 ok=1
Cmd: preprocess
  insize=3839 outsize=456 ok=1
Cmd: preprocess
  insize=31741 outsize=1906 ok=1
Cmd: compileSnippet
  api=4 type=0 insize=10588 outsize=978 kw=USE_SHAPE_LIGHT_TYPE_0 pd=UNITY_ENABLE_REFLECTION_BUFFERS UNITY_USE_DITHER_MASK_FOR_ALPHABLENDED_SHADOWS UNITY_PBS_USE_BRDF1 UNITY_SPECCUBE_BOX_PROJECTION UNITY_SPECCUBE_BLENDING UNITY_ENABLE_DETAIL_NORMALMAP SHADER_API_DESKTOP UNITY_COLORSPACE_GAMMA UNITY_LIGHT_PROBE_PROXY_VOLUME UNITY_LIGHTMAP_FULL_HDR ok=1
Cmd: compileSnippet
  api=4 type=1 insize=10588 outsize=1226 kw=USE_SHAPE_LIGHT_TYPE_0 pd=UNITY_ENABLE_REFLECTION_BUFFERS UNITY_USE_DITHER_MASK_FOR_ALPHABLENDED_SHADOWS UNITY_PBS_USE_BRDF1 UNITY_SPECCUBE_BOX_PROJECTION UNITY_SPECCUBE_BLENDING UNITY_ENABLE_DETAIL_NORMALMAP SHADER_API_DESKTOP UNITY_COLORSPACE_GAMMA UNITY_LIGHT_PROBE_PROXY_VOLUME UNITY_LIGHTMAP_FULL_HDR ok=1
Cmd: preprocess
  insize=34447 outsize=1907 ok=1
Cmd: preprocess
  insize=811 outsize=209 ok=1
Cmd: preprocess
  insize=4751 outsize=576 ok=1
Cmd: preprocess
  insize=6013 outsize=578 ok=1
Cmd: preprocess
  insize=811 outsize=209 ok=1
Cmd: preprocess
  insize=3376 outsize=454 ok=1
Cmd: preprocess
  insize=4838 outsize=454 ok=1
Cmd: preprocess
  insize=35107 outsize=1907 ok=1
Cmd: preprocess
  insize=34219 outsize=1913 ok=1
Cmd: preprocess
  insize=811 outsize=209 ok=1
Cmd: preprocess
  insize=811 outsize=209 ok=1
Cmd: preprocess
  insize=811 outsize=209 ok=1
Cmd: preprocess
  insize=811 outsize=209 ok=1
Cmd: preprocess
  insize=811 outsize=209 ok=1
Cmd: preprocess
  insize=811 outsize=209 ok=1
Cmd: preprocess
  insize=811 outsize=209 ok=1
Cmd: preprocess
  insize=811 outsize=209 ok=1
Cmd: preprocess
  insize=811 outsize=209 ok=1
Cmd: preprocess
  insize=3839 outsize=456 ok=1
Cmd: preprocess
  insize=3830 outsize=456 ok=1
Cmd: preprocess
  insize=35107 outsize=1907 ok=1
Cmd: preprocess
  insize=4189 outsize=454 ok=1
Cmd: preprocess
  insize=4556 outsize=447 ok=1
Cmd: preprocess
  insize=4838 outsize=454 ok=1
Cmd: preprocess
  insize=4556 outsize=447 ok=1
Cmd: preprocess
  insize=4838 outsize=454 ok=1
Cmd: preprocess
  insize=35107 outsize=1907 ok=1
Cmd: preprocess
  insize=3830 outsize=456 ok=1
Cmd: preprocess
  insize=4189 outsize=454 ok=1
Cmd: preprocess
  insize=3839 outsize=456 ok=1
Cmd: preprocess
  insize=811 outsize=209 ok=1
Cmd: preprocess
  insize=811 outsize=209 ok=1
Cmd: preprocess
  insize=811 outsize=209 ok=1
Cmd: preprocess
  insize=811 outsize=209 ok=1
Cmd: preprocess
  insize=811 outsize=209 ok=1
Cmd: preprocess
  insize=811 outsize=209 ok=1
Cmd: preprocess
  insize=811 outsize=209 ok=1
Cmd: preprocess
  insize=811 outsize=209 ok=1
Cmd: preprocess
  insize=811 outsize=209 ok=1
Cmd: preprocess
  insize=3839 outsize=456 ok=1
Cmd: preprocess
  insize=3830 outsize=456 ok=1
Cmd: preprocess
  insize=35107 outsize=1907 ok=1
Cmd: preprocess
  insize=4189 outsize=454 ok=1
Cmd: preprocess
  insize=4556 outsize=447 ok=1
Cmd: preprocess
  insize=4838 outsize=454 ok=1
Cmd: preprocess
  insize=4556 outsize=447 ok=1
Cmd: preprocess
  insize=4838 outsize=454 ok=1
Cmd: preprocess
  insize=35107 outsize=1907 ok=1
Cmd: preprocess
  insize=3830 outsize=456 ok=1
Cmd: preprocess
  insize=4189 outsize=454 ok=1
Cmd: preprocess
  insize=3839 outsize=456 ok=1
Cmd: preprocess
  insize=4741 outsize=524 ok=1
Cmd: preprocess
  insize=5023 outsize=530 ok=1
Cmd: preprocess
  insize=35534 outsize=1983 ok=1
Cmd: preprocess
  insize=4015 outsize=532 ok=1
Cmd: preprocess
  insize=4374 outsize=530 ok=1
Cmd: preprocess
  insize=4024 outsize=533 ok=1
Cmd: compileSnippet
  error: 1 plat 4 at (92): 'TransformObjectToWorld': implicit truncation of vector type\nCompiling Vertex program
Platform defines: UNITY_ENABLE_REFLECTION_BUFFERS UNITY_USE_DITHER_MASK_FOR_ALPHABLENDED_SHADOWS UNITY_PBS_USE_BRDF1 UNITY_SPECCUBE_BOX_PROJECTION UNITY_SPECCUBE_BLENDING UNITY_ENABLE_DETAIL_NORMALMAP SHADER_API_DESKTOP UNITY_COLORSPACE_GAMMA UNITY_LIGHT_PROBE_PROXY_VOLUME UNITY_LIGHTMAP_FULL_HDR
  api=4 type=0 insize=3817 outsize=642 kw= pd=UNITY_ENABLE_REFLECTION_BUFFERS UNITY_USE_DITHER_MASK_FOR_ALPHABLENDED_SHADOWS UNITY_PBS_USE_BRDF1 UNITY_SPECCUBE_BOX_PROJECTION UNITY_SPECCUBE_BLENDING UNITY_ENABLE_DETAIL_NORMALMAP SHADER_API_DESKTOP UNITY_COLORSPACE_GAMMA UNITY_LIGHT_PROBE_PROXY_VOLUME UNITY_LIGHTMAP_FULL_HDR ok=1
Cmd: compileSnippet
  error: 1 plat 4 at (92): 'TransformObjectToWorld': implicit truncation of vector type\nCompiling Fragment program
Platform defines: UNITY_ENABLE_REFLECTION_BUFFERS UNITY_USE_DITHER_MASK_FOR_ALPHABLENDED_SHADOWS UNITY_PBS_USE_BRDF1 UNITY_SPECCUBE_BOX_PROJECTION UNITY_SPECCUBE_BLENDING UNITY_ENABLE_DETAIL_NORMALMAP SHADER_API_DESKTOP UNITY_COLORSPACE_GAMMA UNITY_LIGHT_PROBE_PROXY_VOLUME UNITY_LIGHTMAP_FULL_HDR
  api=4 type=1 insize=3825 outsize=510 kw= pd=UNITY_ENABLE_REFLECTION_BUFFERS UNITY_USE_DITHER_MASK_FOR_ALPHABLENDED_SHADOWS UNITY_PBS_USE_BRDF1 UNITY_SPECCUBE_BOX_PROJECTION UNITY_SPECCUBE_BLENDING UNITY_ENABLE_DETAIL_NORMALMAP SHADER_API_DESKTOP UNITY_COLORSPACE_GAMMA UNITY_LIGHT_PROBE_PROXY_VOLUME UNITY_LIGHTMAP_FULL_HDR ok=1
Cmd: compileSnippet
  api=4 type=0 insize=10649 outsize=978 kw=USE_SHAPE_LIGHT_TYPE_0 pd=UNITY_ENABLE_REFLECTION_BUFFERS UNITY_USE_DITHER_MASK_FOR_ALPHABLENDED_SHADOWS UNITY_PBS_USE_BRDF1 UNITY_SPECCUBE_BOX_PROJECTION UNITY_SPECCUBE_BLENDING UNITY_ENABLE_DETAIL_NORMALMAP SHADER_API_DESKTOP UNITY_COLORSPACE_GAMMA UNITY_LIGHT_PROBE_PROXY_VOLUME UNITY_LIGHTMAP_FULL_HDR ok=1
Cmd: compileSnippet
  api=4 type=1 insize=10649 outsize=1226 kw=USE_SHAPE_LIGHT_TYPE_0 pd=UNITY_ENABLE_REFLECTION_BUFFERS UNITY_USE_DITHER_MASK_FOR_ALPHABLENDED_SHADOWS UNITY_PBS_USE_BRDF1 UNITY_SPECCUBE_BOX_PROJECTION UNITY_SPECCUBE_BLENDING UNITY_ENABLE_DETAIL_NORMALMAP SHADER_API_DESKTOP UNITY_COLORSPACE_GAMMA UNITY_LIGHT_PROBE_PROXY_VOLUME UNITY_LIGHTMAP_FULL_HDR ok=1
Cmd: preprocess
  insize=4717 outsize=517 ok=1
Cmd: preprocess
  insize=4999 outsize=524 ok=1
Cmd: preprocess
  insize=35474 outsize=1977 ok=1
Cmd: preprocess
  insize=3991 outsize=526 ok=1
Cmd: preprocess
  insize=4350 outsize=524 ok=1
Cmd: preprocess
  insize=4000 outsize=527 ok=1
Cmd: compileSnippet
  api=4 type=0 insize=10631 outsize=978 kw=USE_SHAPE_LIGHT_TYPE_0 pd=UNITY_ENABLE_REFLECTION_BUFFERS UNITY_USE_DITHER_MASK_FOR_ALPHABLENDED_SHADOWS UNITY_PBS_USE_BRDF1 UNITY_SPECCUBE_BOX_PROJECTION UNITY_SPECCUBE_BLENDING UNITY_ENABLE_DETAIL_NORMALMAP SHADER_API_DESKTOP UNITY_COLORSPACE_GAMMA UNITY_LIGHT_PROBE_PROXY_VOLUME UNITY_LIGHTMAP_FULL_HDR ok=1
Cmd: compileSnippet
  api=4 type=1 insize=10631 outsize=1226 kw=USE_SHAPE_LIGHT_TYPE_0 pd=UNITY_ENABLE_REFLECTION_BUFFERS UNITY_USE_DITHER_MASK_FOR_ALPHABLENDED_SHADOWS UNITY_PBS_USE_BRDF1 UNITY_SPECCUBE_BOX_PROJECTION UNITY_SPECCUBE_BLENDING UNITY_ENABLE_DETAIL_NORMALMAP SHADER_API_DESKTOP UNITY_COLORSPACE_GAMMA UNITY_LIGHT_PROBE_PROXY_VOLUME UNITY_LIGHTMAP_FULL_HDR ok=1
Cmd: preprocess
  insize=811 outsize=209 ok=1
Cmd: preprocess
  insize=811 outsize=209 ok=1
Cmd: preprocess
  insize=4008 outsize=527 ok=1
Cmd: preprocess
  insize=811 outsize=209 ok=1
Cmd: preprocess
  insize=3474 outsize=515 ok=1
Cmd: preprocess
  insize=4230 outsize=515 ok=1
Cmd: preprocess
  insize=4783 outsize=515 ok=1
Cmd: preprocess
  insize=811 outsize=209 ok=1
Cmd: preprocess
  insize=4095 outsize=585 ok=1
Cmd: preprocess
  insize=4870 outsize=574 ok=1
Cmd: preprocess
  insize=4804 outsize=577 ok=1
Cmd: preprocess
  insize=5086 outsize=583 ok=1
Cmd: preprocess
  insize=35641 outsize=2037 ok=1
Cmd: preprocess
  insize=4078 outsize=585 ok=1
Cmd: preprocess
  insize=4437 outsize=583 ok=1
Cmd: preprocess
  insize=4087 outsize=586 ok=1
Cmd: compileSnippet
  error: 1 plat 4 at (94): 'TransformObjectToWorld': implicit truncation of vector type\nCompiling Vertex program
Platform defines: UNITY_ENABLE_REFLECTION_BUFFERS UNITY_USE_DITHER_MASK_FOR_ALPHABLENDED_SHADOWS UNITY_PBS_USE_BRDF1 UNITY_SPECCUBE_BOX_PROJECTION UNITY_SPECCUBE_BLENDING UNITY_ENABLE_DETAIL_NORMALMAP SHADER_API_DESKTOP UNITY_COLORSPACE_GAMMA UNITY_LIGHT_PROBE_PROXY_VOLUME UNITY_LIGHTMAP_FULL_HDR
  api=4 type=0 insize=3827 outsize=642 kw= pd=UNITY_ENABLE_REFLECTION_BUFFERS UNITY_USE_DITHER_MASK_FOR_ALPHABLENDED_SHADOWS UNITY_PBS_USE_BRDF1 UNITY_SPECCUBE_BOX_PROJECTION UNITY_SPECCUBE_BLENDING UNITY_ENABLE_DETAIL_NORMALMAP SHADER_API_DESKTOP UNITY_COLORSPACE_GAMMA UNITY_LIGHT_PROBE_PROXY_VOLUME UNITY_LIGHTMAP_FULL_HDR ok=1
Cmd: compileSnippet
  error: 1 plat 4 at (94): 'TransformObjectToWorld': implicit truncation of vector type\nCompiling Fragment program
Platform defines: UNITY_ENABLE_REFLECTION_BUFFERS UNITY_USE_DITHER_MASK_FOR_ALPHABLENDED_SHADOWS UNITY_PBS_USE_BRDF1 UNITY_SPECCUBE_BOX_PROJECTION UNITY_SPECCUBE_BLENDING UNITY_ENABLE_DETAIL_NORMALMAP SHADER_API_DESKTOP UNITY_COLORSPACE_GAMMA UNITY_LIGHT_PROBE_PROXY_VOLUME UNITY_LIGHTMAP_FULL_HDR
  api=4 type=1 insize=3835 outsize=510 kw= pd=UNITY_ENABLE_REFLECTION_BUFFERS UNITY_USE_DITHER_MASK_FOR_ALPHABLENDED_SHADOWS UNITY_PBS_USE_BRDF1 UNITY_SPECCUBE_BOX_PROJECTION UNITY_SPECCUBE_BLENDING UNITY_ENABLE_DETAIL_NORMALMAP SHADER_API_DESKTOP UNITY_COLORSPACE_GAMMA UNITY_LIGHT_PROBE_PROXY_VOLUME UNITY_LIGHTMAP_FULL_HDR ok=1
Cmd: compileSnippet
  api=4 type=0 insize=10667 outsize=978 kw=USE_SHAPE_LIGHT_TYPE_0 pd=UNITY_ENABLE_REFLECTION_BUFFERS UNITY_USE_DITHER_MASK_FOR_ALPHABLENDED_SHADOWS UNITY_PBS_USE_BRDF1 UNITY_SPECCUBE_BOX_PROJECTION UNITY_SPECCUBE_BLENDING UNITY_ENABLE_DETAIL_NORMALMAP SHADER_API_DESKTOP UNITY_COLORSPACE_GAMMA UNITY_LIGHT_PROBE_PROXY_VOLUME UNITY_LIGHTMAP_FULL_HDR ok=1
Cmd: compileSnippet
  api=4 type=1 insize=10667 outsize=1226 kw=USE_SHAPE_LIGHT_TYPE_0 pd=UNITY_ENABLE_REFLECTION_BUFFERS UNITY_USE_DITHER_MASK_FOR_ALPHABLENDED_SHADOWS UNITY_PBS_USE_BRDF1 UNITY_SPECCUBE_BOX_PROJECTION UNITY_SPECCUBE_BLENDING UNITY_ENABLE_DETAIL_NORMALMAP SHADER_API_DESKTOP UNITY_COLORSPACE_GAMMA UNITY_LIGHT_PROBE_PROXY_VOLUME UNITY_LIGHTMAP_FULL_HDR ok=1
Cmd: preprocess
  insize=4085 outsize=581 ok=1
Cmd: preprocess
  insize=4860 outsize=569 ok=1
Cmd: preprocess
  insize=4794 outsize=572 ok=1
Cmd: preprocess
  insize=5076 outsize=578 ok=1
Cmd: preprocess
  insize=35621 outsize=2031 ok=1
Cmd: preprocess
  insize=4068 outsize=579 ok=1
Cmd: preprocess
  insize=4427 outsize=578 ok=1
Cmd: preprocess
  insize=4077 outsize=581 ok=1
Cmd: compileSnippet
  api=4 type=0 insize=10662 outsize=978 kw=USE_SHAPE_LIGHT_TYPE_0 pd=UNITY_ENABLE_REFLECTION_BUFFERS UNITY_USE_DITHER_MASK_FOR_ALPHABLENDED_SHADOWS UNITY_PBS_USE_BRDF1 UNITY_SPECCUBE_BOX_PROJECTION UNITY_SPECCUBE_BLENDING UNITY_ENABLE_DETAIL_NORMALMAP SHADER_API_DESKTOP UNITY_COLORSPACE_GAMMA UNITY_LIGHT_PROBE_PROXY_VOLUME UNITY_LIGHTMAP_FULL_HDR ok=1
Cmd: compileSnippet
  api=4 type=1 insize=10662 outsize=1226 kw=USE_SHAPE_LIGHT_TYPE_0 pd=UNITY_ENABLE_REFLECTION_BUFFERS UNITY_USE_DITHER_MASK_FOR_ALPHABLENDED_SHADOWS UNITY_PBS_USE_BRDF1 UNITY_SPECCUBE_BOX_PROJECTION UNITY_SPECCUBE_BLENDING UNITY_ENABLE_DETAIL_NORMALMAP SHADER_API_DESKTOP UNITY_COLORSPACE_GAMMA UNITY_LIGHT_PROBE_PROXY_VOLUME UNITY_LIGHTMAP_FULL_HDR ok=1
Cmd: preprocess
  insize=34738 outsize=2043 ok=1
Cmd: compileSnippet
  api=4 type=0 insize=10412 outsize=978 kw= pd=UNITY_ENABLE_REFLECTION_BUFFERS UNITY_USE_DITHER_MASK_FOR_ALPHABLENDED_SHADOWS UNITY_PBS_USE_BRDF1 UNITY_SPECCUBE_BOX_PROJECTION UNITY_SPECCUBE_BLENDING UNITY_ENABLE_DETAIL_NORMALMAP SHADER_API_DESKTOP UNITY_COLORSPACE_GAMMA UNITY_LIGHT_PROBE_PROXY_VOLUME UNITY_LIGHTMAP_FULL_HDR ok=1
Cmd: compileSnippet
  api=4 type=1 insize=10412 outsize=626 kw= pd=UNITY_ENABLE_REFLECTION_BUFFERS UNITY_USE_DITHER_MASK_FOR_ALPHABLENDED_SHADOWS UNITY_PBS_USE_BRDF1 UNITY_SPECCUBE_BOX_PROJECTION UNITY_SPECCUBE_BLENDING UNITY_ENABLE_DETAIL_NORMALMAP SHADER_API_DESKTOP UNITY_COLORSPACE_GAMMA UNITY_LIGHT_PROBE_PROXY_VOLUME UNITY_LIGHTMAP_FULL_HDR ok=1
Cmd: preprocess
  insize=811 outsize=209 ok=1
Cmd: preprocess
  insize=811 outsize=209 ok=1
Cmd: preprocess
  insize=811 outsize=209 ok=1
Cmd: preprocess
  insize=811 outsize=209 ok=1
Cmd: preprocess
  insize=811 outsize=209 ok=1
Cmd: preprocess
  insize=811 outsize=209 ok=1
Cmd: preprocess
  insize=811 outsize=209 ok=1
Cmd: preprocess
  insize=811 outsize=209 ok=1
Cmd: preprocess
  insize=811 outsize=209 ok=1
Cmd: preprocess
  insize=811 outsize=209 ok=1
Cmd: preprocess
  insize=811 outsize=209 ok=1
Cmd: preprocess
  insize=811 outsize=209 ok=1
Cmd: preprocess
  insize=4082 outsize=586 ok=1
Cmd: preprocess
  insize=4073 outsize=585 ok=1
Cmd: preprocess
  insize=35626 outsize=2036 ok=1
Cmd: preprocess
  insize=4432 outsize=583 ok=1
Cmd: preprocess
  insize=4799 outsize=576 ok=1
Cmd: preprocess
  insize=5081 outsize=583 ok=1
Cmd: preprocess
  insize=4090 outsize=585 ok=1
Cmd: preprocess
  insize=4865 outsize=573 ok=1
Cmd: compileSnippet
  api=4 type=0 insize=10662 outsize=978 kw=USE_SHAPE_LIGHT_TYPE_0 pd=UNITY_ENABLE_REFLECTION_BUFFERS UNITY_USE_DITHER_MASK_FOR_ALPHABLENDED_SHADOWS UNITY_PBS_USE_BRDF1 UNITY_SPECCUBE_BOX_PROJECTION UNITY_SPECCUBE_BLENDING UNITY_ENABLE_DETAIL_NORMALMAP SHADER_API_DESKTOP UNITY_COLORSPACE_GAMMA UNITY_LIGHT_PROBE_PROXY_VOLUME UNITY_LIGHTMAP_FULL_HDR ok=1
Cmd: compileSnippet
  api=4 type=1 insize=10662 outsize=1226 kw=USE_SHAPE_LIGHT_TYPE_0 pd=UNITY_ENABLE_REFLECTION_BUFFERS UNITY_USE_DITHER_MASK_FOR_ALPHABLENDED_SHADOWS UNITY_PBS_USE_BRDF1 UNITY_SPECCUBE_BOX_PROJECTION UNITY_SPECCUBE_BLENDING UNITY_ENABLE_DETAIL_NORMALMAP SHADER_API_DESKTOP UNITY_COLORSPACE_GAMMA UNITY_LIGHT_PROBE_PROXY_VOLUME UNITY_LIGHTMAP_FULL_HDR ok=1
Cmd: preprocess
  insize=811 outsize=209 ok=1
Cmd: preprocess
  insize=3606 outsize=579 ok=1
Cmd: preprocess
  insize=811 outsize=209 ok=1
Cmd: preprocess
  insize=4352 outsize=579 ok=1
Cmd: preprocess
  insize=5150 outsize=574 ok=1
Cmd: preprocess
  insize=4391 outsize=579 ok=1
Cmd: preprocess
  insize=5175 outsize=573 ok=1
Cmd: preprocess
  insize=39472 outsize=2036 ok=1
Cmd: compileSnippet
  api=4 type=0 insize=11918 outsize=978 kw=USE_SHAPE_LIGHT_TYPE_0 pd=UNITY_ENABLE_REFLECTION_BUFFERS UNITY_USE_DITHER_MASK_FOR_ALPHABLENDED_SHADOWS UNITY_PBS_USE_BRDF1 UNITY_SPECCUBE_BOX_PROJECTION UNITY_SPECCUBE_BLENDING UNITY_ENABLE_DETAIL_NORMALMAP SHADER_API_DESKTOP UNITY_COLORSPACE_GAMMA UNITY_LIGHT_PROBE_PROXY_VOLUME UNITY_LIGHTMAP_FULL_HDR ok=1
Cmd: compileSnippet
  api=4 type=1 insize=11918 outsize=1330 kw=USE_SHAPE_LIGHT_TYPE_0 pd=UNITY_ENABLE_REFLECTION_BUFFERS UNITY_USE_DITHER_MASK_FOR_ALPHABLENDED_SHADOWS UNITY_PBS_USE_BRDF1 UNITY_SPECCUBE_BOX_PROJECTION UNITY_SPECCUBE_BLENDING UNITY_ENABLE_DETAIL_NORMALMAP SHADER_API_DESKTOP UNITY_COLORSPACE_GAMMA UNITY_LIGHT_PROBE_PROXY_VOLUME UNITY_LIGHTMAP_FULL_HDR ok=1
Cmd: preprocess
  insize=811 outsize=209 ok=1
Cmd: preprocess
  insize=811 outsize=209 ok=1
Cmd: preprocess
  insize=811 outsize=209 ok=1
Cmd: preprocess
  insize=811 outsize=209 ok=1
Cmd: preprocess
  insize=811 outsize=209 ok=1
Cmd: preprocess
  insize=811 outsize=209 ok=1
Cmd: preprocess
  insize=811 outsize=209 ok=1
Cmd: preprocess
  insize=811 outsize=209 ok=1
Cmd: preprocess
  insize=811 outsize=209 ok=1
Cmd: preprocess
  insize=811 outsize=209 ok=1
Cmd: preprocess
  insize=811 outsize=209 ok=1
Cmd: preprocess
  insize=811 outsize=209 ok=1
Cmd: preprocess
  insize=811 outsize=209 ok=1
Cmd: preprocess
  insize=811 outsize=209 ok=1
Cmd: preprocess
  insize=4082 outsize=586 ok=1
Cmd: preprocess
  insize=4073 outsize=585 ok=1
Cmd: preprocess
  insize=39472 outsize=2036 ok=1
Cmd: preprocess
  insize=4432 outsize=583 ok=1
Cmd: preprocess
  insize=4799 outsize=576 ok=1
Cmd: preprocess
  insize=5081 outsize=583 ok=1
Cmd: preprocess
  insize=4090 outsize=585 ok=1
Cmd: preprocess
  insize=5175 outsize=573 ok=1
Cmd: preprocess
  insize=4391 outsize=579 ok=1
Cmd: preprocess
  insize=4391 outsize=579 ok=1
Cmd: preprocess
  insize=5175 outsize=573 ok=1
Cmd: preprocess
  insize=39472 outsize=2036 ok=1
Cmd: preprocess
  insize=4090 outsize=585 ok=1
Cmd: preprocess
  insize=4799 outsize=576 ok=1
Cmd: preprocess
  insize=5081 outsize=583 ok=1
Cmd: preprocess
  insize=4073 outsize=585 ok=1
Cmd: preprocess
  insize=4432 outsize=583 ok=1
Cmd: preprocess
  insize=4082 outsize=586 ok=1
Cmd: compileSnippet
  api=4 type=0 insize=10412 outsize=978 kw=USE_SHAPE_LIGHT_TYPE_0 pd=UNITY_ENABLE_REFLECTION_BUFFERS UNITY_USE_DITHER_MASK_FOR_ALPHABLENDED_SHADOWS UNITY_PBS_USE_BRDF1 UNITY_SPECCUBE_BOX_PROJECTION UNITY_SPECCUBE_BLENDING UNITY_ENABLE_DETAIL_NORMALMAP SHADER_API_DESKTOP UNITY_COLORSPACE_GAMMA UNITY_LIGHT_PROBE_PROXY_VOLUME UNITY_LIGHTMAP_FULL_HDR ok=1
Cmd: compileSnippet
  api=4 type=1 insize=10412 outsize=1090 kw=USE_SHAPE_LIGHT_TYPE_0 pd=UNITY_ENABLE_REFLECTION_BUFFERS UNITY_USE_DITHER_MASK_FOR_ALPHABLENDED_SHADOWS UNITY_PBS_USE_BRDF1 UNITY_SPECCUBE_BOX_PROJECTION UNITY_SPECCUBE_BLENDING UNITY_ENABLE_DETAIL_NORMALMAP SHADER_API_DESKTOP UNITY_COLORSPACE_GAMMA UNITY_LIGHT_PROBE_PROXY_VOLUME UNITY_LIGHTMAP_FULL_HDR ok=1
Cmd: preprocess
  insize=811 outsize=209 ok=1
Cmd: preprocess
  insize=811 outsize=209 ok=1
Cmd: preprocess
  insize=811 outsize=209 ok=1
Cmd: preprocess
  insize=811 outsize=209 ok=1
Cmd: preprocess
  insize=811 outsize=209 ok=1
Cmd: preprocess
  insize=811 outsize=209 ok=1
Cmd: preprocess
  insize=811 outsize=209 ok=1
Cmd: preprocess
  insize=811 outsize=209 ok=1
Cmd: preprocess
  insize=811 outsize=209 ok=1
Cmd: preprocess
  insize=811 outsize=209 ok=1
Cmd: preprocess
  insize=811 outsize=209 ok=1
Cmd: preprocess
  insize=811 outsize=209 ok=1
Cmd: preprocess
  insize=811 outsize=209 ok=1
Cmd: preprocess
  insize=811 outsize=209 ok=1
Cmd: preprocess
  insize=4082 outsize=586 ok=1
Cmd: preprocess
  insize=4073 outsize=585 ok=1
Cmd: preprocess
  insize=39472 outsize=2036 ok=1
Cmd: preprocess
  insize=4432 outsize=583 ok=1
Cmd: preprocess
  insize=4799 outsize=576 ok=1
Cmd: preprocess
  insize=5081 outsize=583 ok=1
Cmd: preprocess
  insize=4090 outsize=585 ok=1
Cmd: preprocess
  insize=5175 outsize=573 ok=1
Cmd: preprocess
  insize=4391 outsize=579 ok=1
Cmd: preprocess
  insize=4391 outsize=579 ok=1
Cmd: preprocess
  insize=5175 outsize=573 ok=1
Cmd: preprocess
  insize=39472 outsize=2036 ok=1
Cmd: preprocess
  insize=4090 outsize=585 ok=1
Cmd: preprocess
  insize=4799 outsize=576 ok=1
Cmd: preprocess
  insize=5081 outsize=583 ok=1
Cmd: preprocess
  insize=4073 outsize=585 ok=1
Cmd: preprocess
  insize=4432 outsize=583 ok=1
Cmd: preprocess
  insize=4082 outsize=586 ok=1
Cmd: preprocess
  insize=4406 outsize=584 ok=1
Cmd: preprocess
  insize=5190 outsize=578 ok=1
Cmd: preprocess
  insize=39507 outsize=2042 ok=1
Cmd: preprocess
  insize=4100 outsize=590 ok=1
Cmd: preprocess
  insize=4809 outsize=582 ok=1
Cmd: preprocess
  insize=5091 outsize=588 ok=1
Cmd: preprocess
  insize=4083 outsize=589 ok=1
Cmd: preprocess
  insize=4442 outsize=587 ok=1
Cmd: preprocess
  insize=4092 outsize=591 ok=1
Cmd: preprocess
  insize=4411 outsize=589 ok=1
Cmd: preprocess
  insize=5195 outsize=583 ok=1
Cmd: preprocess
  insize=39512 outsize=2047 ok=1
Cmd: preprocess
  insize=4105 outsize=595 ok=1
Cmd: preprocess
  insize=4814 outsize=587 ok=1
Cmd: preprocess
  insize=5096 outsize=593 ok=1
Cmd: preprocess
  insize=4088 outsize=594 ok=1
Cmd: preprocess
  insize=4447 outsize=592 ok=1
Cmd: preprocess
  insize=4097 outsize=596 ok=1
Cmd: preprocess
  insize=811 outsize=209 ok=1
Cmd: preprocess
  insize=3571 outsize=584 ok=1
Cmd: preprocess
  insize=811 outsize=209 ok=1
Cmd: preprocess
  insize=5571 outsize=585 ok=1
Cmd: preprocess
  insize=5543 outsize=585 ok=1
Cmd: preprocess
  insize=5543 outsize=585 ok=1
Cmd: preprocess
  insize=5543 outsize=585 ok=1
Cmd: preprocess
  insize=5543 outsize=585 ok=1
Cmd: preprocess
  insize=5543 outsize=585 ok=1
Cmd: preprocess
  insize=5543 outsize=585 ok=1
Cmd: preprocess
  insize=5543 outsize=585 ok=1
Cmd: preprocess
  insize=5543 outsize=584 ok=1
Cmd: preprocess
  insize=5543 outsize=585 ok=1
Cmd: preprocess
  insize=811 outsize=209 ok=1
Cmd: preprocess
  insize=5345 outsize=581 ok=1
Cmd: preprocess
  insize=7357 outsize=584 ok=1
Cmd: preprocess
  insize=5543 outsize=585 ok=1
Cmd: preprocess
  insize=7357 outsize=584 ok=1
Cmd: preprocess
  insize=5345 outsize=581 ok=1
Cmd: preprocess
  insize=7135 outsize=584 ok=1
Cmd: preprocess
  insize=7135 outsize=584 ok=1
Cmd: preprocess
  insize=7135 outsize=584 ok=1
Cmd: preprocess
  insize=811 outsize=209 ok=1
Cmd: preprocess
  insize=3682 outsize=586 ok=1
Cmd: preprocess
  insize=5676 outsize=587 ok=1
Cmd: preprocess
  insize=7488 outsize=584 ok=1
Cmd: preprocess
  insize=811 outsize=209 ok=1
Cmd: preprocess
  insize=3621 outsize=589 ok=1
Cmd: preprocess
  insize=4511 outsize=659 ok=1
Cmd: preprocess
  insize=5295 outsize=654 ok=1
Cmd: preprocess
  insize=39696 outsize=2117 ok=1
Cmd: preprocess
  insize=7588 outsize=654 ok=1
Cmd: preprocess
  insize=4205 outsize=666 ok=1
Cmd: preprocess
  insize=4914 outsize=657 ok=1
Cmd: preprocess
  insize=5196 outsize=663 ok=1
Cmd: preprocess
  insize=5776 outsize=656 ok=1
Cmd: preprocess
  insize=4188 outsize=665 ok=1
Cmd: preprocess
  insize=4547 outsize=663 ok=1
Cmd: preprocess
  insize=4197 outsize=666 ok=1
Cmd: compileSnippet
  error: 1 plat 4 at (119): 'TransformObjectToWorld': implicit truncation of vector type\nCompiling Fragment program
Platform defines: UNITY_ENABLE_REFLECTION_BUFFERS UNITY_USE_DITHER_MASK_FOR_ALPHABLENDED_SHADOWS UNITY_PBS_USE_BRDF1 UNITY_SPECCUBE_BOX_PROJECTION UNITY_SPECCUBE_BLENDING UNITY_ENABLE_DETAIL_NORMALMAP SHADER_API_DESKTOP UNITY_COLORSPACE_GAMMA UNITY_LIGHT_PROBE_PROXY_VOLUME UNITY_LIGHTMAP_FULL_HDR
  api=4 type=1 insize=4869 outsize=814 kw= pd=UNITY_ENABLE_REFLECTION_BUFFERS UNITY_USE_DITHER_MASK_FOR_ALPHABLENDED_SHADOWS UNITY_PBS_USE_BRDF1 UNITY_SPECCUBE_BOX_PROJECTION UNITY_SPECCUBE_BLENDING UNITY_ENABLE_DETAIL_NORMALMAP SHADER_API_DESKTOP UNITY_COLORSPACE_GAMMA UNITY_LIGHT_PROBE_PROXY_VOLUME UNITY_LIGHTMAP_FULL_HDR ok=1
Cmd: compileSnippet
  error: 1 plat 4 at (96): 'TransformObjectToWorld': implicit truncation of vector type\nCompiling Vertex program
Platform defines: UNITY_ENABLE_REFLECTION_BUFFERS UNITY_USE_DITHER_MASK_FOR_ALPHABLENDED_SHADOWS UNITY_PBS_USE_BRDF1 UNITY_SPECCUBE_BOX_PROJECTION UNITY_SPECCUBE_BLENDING UNITY_ENABLE_DETAIL_NORMALMAP SHADER_API_DESKTOP UNITY_COLORSPACE_GAMMA UNITY_LIGHT_PROBE_PROXY_VOLUME UNITY_LIGHTMAP_FULL_HDR
  api=4 type=0 insize=3865 outsize=642 kw= pd=UNITY_ENABLE_REFLECTION_BUFFERS UNITY_USE_DITHER_MASK_FOR_ALPHABLENDED_SHADOWS UNITY_PBS_USE_BRDF1 UNITY_SPECCUBE_BOX_PROJECTION UNITY_SPECCUBE_BLENDING UNITY_ENABLE_DETAIL_NORMALMAP SHADER_API_DESKTOP UNITY_COLORSPACE_GAMMA UNITY_LIGHT_PROBE_PROXY_VOLUME UNITY_LIGHTMAP_FULL_HDR ok=1
Cmd: preprocess
  insize=4513 outsize=660 ok=1
Cmd: preprocess
  insize=5297 outsize=655 ok=1
Cmd: preprocess
  insize=39700 outsize=2117 ok=1
Cmd: preprocess
  insize=7590 outsize=655 ok=1
Cmd: preprocess
  insize=4207 outsize=667 ok=1
Cmd: preprocess
  insize=4916 outsize=658 ok=1
Cmd: preprocess
  insize=5198 outsize=664 ok=1
Cmd: preprocess
  insize=5778 outsize=658 ok=1
Cmd: preprocess
  insize=4190 outsize=666 ok=1
Cmd: preprocess
  insize=4549 outsize=664 ok=1
Cmd: preprocess
  insize=4199 outsize=667 ok=1
Cmd: preprocess
  insize=5447 outsize=653 ok=1
Cmd: preprocess
  insize=811 outsize=209 ok=1
Cmd: preprocess
  insize=811 outsize=209 ok=1
Cmd: preprocess
  insize=5778 outsize=658 ok=1
Cmd: preprocess
  insize=5778 outsize=657 ok=1
Cmd: preprocess
  insize=5778 outsize=658 ok=1
Cmd: preprocess
  insize=5830 outsize=658 ok=1
Cmd: preprocess
  insize=5830 outsize=658 ok=1
Cmd: preprocess
  insize=5830 outsize=658 ok=1
Cmd: preprocess
  insize=811 outsize=209 ok=1
Cmd: preprocess
  insize=6091 outsize=660 ok=1
Cmd: preprocess
  insize=6055 outsize=660 ok=1
Cmd: preprocess
  insize=6019 outsize=660 ok=1
Cmd: preprocess
  insize=6378 outsize=658 ok=1
Cmd: preprocess
  insize=6383 outsize=658 ok=1
Cmd: preprocess
  insize=6377 outsize=658 ok=1
Cmd: preprocess
  insize=811 outsize=209 ok=1
Cmd: preprocess
  insize=6652 outsize=658 ok=1
Cmd: preprocess
  insize=6409 outsize=658 ok=1
Cmd: preprocess
  insize=8320 outsize=661 ok=1
Cmd: preprocess
  insize=36265 outsize=2127 ok=1
Cmd: preprocess
  insize=5456 outsize=662 ok=1
Cmd: preprocess
  insize=39049 outsize=2127 ok=1
Cmd: preprocess
  insize=811 outsize=209 ok=1
Cmd: preprocess
  insize=5287 outsize=672 ok=1
Cmd: preprocess
  insize=811 outsize=209 ok=1
Cmd: preprocess
  insize=7650 outsize=678 ok=1
Cmd: preprocess
  insize=811 outsize=209 ok=1
Cmd: preprocess
  insize=5355 outsize=679 ok=1
Cmd: preprocess
  insize=811 outsize=209 ok=1
Cmd: preprocess
  insize=5207 outsize=673 ok=1
Cmd: preprocess
  insize=39709 outsize=2126 ok=1
